<?xml version="1.0" encoding="UTF-8"?>
<testsuite xmlns:xsi="http://www.w3.org/2001/XMLSchema-instance" xsi:noNamespaceSchemaLocation="https://maven.apache.org/surefire/maven-surefire-plugin/xsd/surefire-test-report.xsd" name="ru.yandex.scooter.CreateOrderTest" time="2.226" tests="4" errors="0" skipped="0" failures="0">
  <properties>
    <property name="gopherProxySet" value="false"/>
    <property name="awt.toolkit" value="sun.lwawt.macosx.LWCToolkit"/>
    <property name="java.specification.version" value="11"/>
    <property name="sun.cpu.isalist" value=""/>
    <property name="sun.jnu.encoding" value="UTF-8"/>
    <property name="java.class.path" value="/Users/katebrz/YP/Sprint_3/target/test-classes:/Users/katebrz/YP/Sprint_3/target/classes:/Users/katebrz/.m2/repository/io/rest-assured/rest-assured/4.5.1/rest-assured-4.5.1.jar:/Users/katebrz/.m2/repository/org/codehaus/groovy/groovy/3.0.9/groovy-3.0.9.jar:/Users/katebrz/.m2/repository/org/codehaus/groovy/groovy-xml/3.0.9/groovy-xml-3.0.9.jar:/Users/katebrz/.m2/repository/org/apache/httpcomponents/httpclient/4.5.13/httpclient-4.5.13.jar:/Users/katebrz/.m2/repository/org/apache/httpcomponents/httpcore/4.4.13/httpcore-4.4.13.jar:/Users/katebrz/.m2/repository/commons-logging/commons-logging/1.2/commons-logging-1.2.jar:/Users/katebrz/.m2/repository/commons-codec/commons-codec/1.11/commons-codec-1.11.jar:/Users/katebrz/.m2/repository/org/apache/httpcomponents/httpmime/4.5.13/httpmime-4.5.13.jar:/Users/katebrz/.m2/repository/org/hamcrest/hamcrest/2.1/hamcrest-2.1.jar:/Users/katebrz/.m2/repository/org/ccil/cowan/tagsoup/tagsoup/1.2.1/tagsoup-1.2.1.jar:/Users/katebrz/.m2/repository/io/rest-assured/json-path/4.5.1/json-path-4.5.1.jar:/Users/katebrz/.m2/repository/org/codehaus/groovy/groovy-json/3.0.9/groovy-json-3.0.9.jar:/Users/katebrz/.m2/repository/io/rest-assured/rest-assured-common/4.5.1/rest-assured-common-4.5.1.jar:/Users/katebrz/.m2/repository/io/rest-assured/xml-path/4.5.1/xml-path-4.5.1.jar:/Users/katebrz/.m2/repository/org/apache/commons/commons-lang3/3.11/commons-lang3-3.11.jar:/Users/katebrz/.m2/repository/junit/junit/4.13.2/junit-4.13.2.jar:/Users/katebrz/.m2/repository/org/hamcrest/hamcrest-core/1.3/hamcrest-core-1.3.jar:/Users/katebrz/.m2/repository/io/qameta/allure/allure-junit4/2.18.0/allure-junit4-2.18.0.jar:/Users/katebrz/.m2/repository/io/qameta/allure/allure-java-commons/2.18.0/allure-java-commons-2.18.0.jar:/Users/katebrz/.m2/repository/org/slf4j/slf4j-api/1.7.30/slf4j-api-1.7.30.jar:/Users/katebrz/.m2/repository/io/qameta/allure/allure-model/2.18.0/allure-model-2.18.0.jar:/Users/katebrz/.m2/repository/io/qameta/allure/allure-rest-assured/2.18.0/allure-rest-assured-2.18.0.jar:/Users/katebrz/.m2/repository/io/qameta/allure/allure-attachments/2.18.0/allure-attachments-2.18.0.jar:/Users/katebrz/.m2/repository/org/freemarker/freemarker/2.3.31/freemarker-2.3.31.jar:/Users/katebrz/.m2/repository/com/fasterxml/jackson/core/jackson-databind/2.13.0/jackson-databind-2.13.0.jar:/Users/katebrz/.m2/repository/com/fasterxml/jackson/core/jackson-annotations/2.13.0/jackson-annotations-2.13.0.jar:/Users/katebrz/.m2/repository/com/fasterxml/jackson/core/jackson-core/2.13.0/jackson-core-2.13.0.jar:"/>
    <property name="java.vm.vendor" value="Amazon.com Inc."/>
    <property name="sun.arch.data.model" value="64"/>
    <property name="java.vendor.url" value="https://aws.amazon.com/corretto/"/>
    <property name="user.timezone" value=""/>
    <property name="java.vm.specification.version" value="11"/>
    <property name="os.name" value="Mac OS X"/>
    <property name="sun.java.launcher" value="SUN_STANDARD"/>
    <property name="user.country" value="RU"/>
    <property name="sun.boot.library.path" value="/Users/katebrz/Library/Java/JavaVirtualMachines/corretto-11.0.11/Contents/Home/lib"/>
    <property name="sun.java.command" value="/Users/katebrz/YP/Sprint_3/target/surefire/surefirebooter2879524848791230459.jar /Users/katebrz/YP/Sprint_3/target/surefire 2022-05-19T12-46-46_171-jvmRun1 surefire18345870462168215683tmp surefire_017487911364627524935tmp"/>
    <property name="jdk.debug" value="release"/>
    <property name="surefire.test.class.path" value="/Users/katebrz/YP/Sprint_3/target/test-classes:/Users/katebrz/YP/Sprint_3/target/classes:/Users/katebrz/.m2/repository/io/rest-assured/rest-assured/4.5.1/rest-assured-4.5.1.jar:/Users/katebrz/.m2/repository/org/codehaus/groovy/groovy/3.0.9/groovy-3.0.9.jar:/Users/katebrz/.m2/repository/org/codehaus/groovy/groovy-xml/3.0.9/groovy-xml-3.0.9.jar:/Users/katebrz/.m2/repository/org/apache/httpcomponents/httpclient/4.5.13/httpclient-4.5.13.jar:/Users/katebrz/.m2/repository/org/apache/httpcomponents/httpcore/4.4.13/httpcore-4.4.13.jar:/Users/katebrz/.m2/repository/commons-logging/commons-logging/1.2/commons-logging-1.2.jar:/Users/katebrz/.m2/repository/commons-codec/commons-codec/1.11/commons-codec-1.11.jar:/Users/katebrz/.m2/repository/org/apache/httpcomponents/httpmime/4.5.13/httpmime-4.5.13.jar:/Users/katebrz/.m2/repository/org/hamcrest/hamcrest/2.1/hamcrest-2.1.jar:/Users/katebrz/.m2/repository/org/ccil/cowan/tagsoup/tagsoup/1.2.1/tagsoup-1.2.1.jar:/Users/katebrz/.m2/repository/io/rest-assured/json-path/4.5.1/json-path-4.5.1.jar:/Users/katebrz/.m2/repository/org/codehaus/groovy/groovy-json/3.0.9/groovy-json-3.0.9.jar:/Users/katebrz/.m2/repository/io/rest-assured/rest-assured-common/4.5.1/rest-assured-common-4.5.1.jar:/Users/katebrz/.m2/repository/io/rest-assured/xml-path/4.5.1/xml-path-4.5.1.jar:/Users/katebrz/.m2/repository/org/apache/commons/commons-lang3/3.11/commons-lang3-3.11.jar:/Users/katebrz/.m2/repository/junit/junit/4.13.2/junit-4.13.2.jar:/Users/katebrz/.m2/repository/org/hamcrest/hamcrest-core/1.3/hamcrest-core-1.3.jar:/Users/katebrz/.m2/repository/io/qameta/allure/allure-junit4/2.18.0/allure-junit4-2.18.0.jar:/Users/katebrz/.m2/repository/io/qameta/allure/allure-java-commons/2.18.0/allure-java-commons-2.18.0.jar:/Users/katebrz/.m2/repository/org/slf4j/slf4j-api/1.7.30/slf4j-api-1.7.30.jar:/Users/katebrz/.m2/repository/io/qameta/allure/allure-model/2.18.0/allure-model-2.18.0.jar:/Users/katebrz/.m2/repository/io/qameta/allure/allure-rest-assured/2.18.0/allure-rest-assured-2.18.0.jar:/Users/katebrz/.m2/repository/io/qameta/allure/allure-attachments/2.18.0/allure-attachments-2.18.0.jar:/Users/katebrz/.m2/repository/org/freemarker/freemarker/2.3.31/freemarker-2.3.31.jar:/Users/katebrz/.m2/repository/com/fasterxml/jackson/core/jackson-databind/2.13.0/jackson-databind-2.13.0.jar:/Users/katebrz/.m2/repository/com/fasterxml/jackson/core/jackson-annotations/2.13.0/jackson-annotations-2.13.0.jar:/Users/katebrz/.m2/repository/com/fasterxml/jackson/core/jackson-core/2.13.0/jackson-core-2.13.0.jar:"/>
    <property name="allure.results.directory" value="/Users/katebrz/YP/Sprint_3/target/allure-results"/>
    <property name="sun.cpu.endian" value="little"/>
    <property name="user.home" value="/Users/katebrz"/>
    <property name="user.language" value="en"/>
    <property name="java.specification.vendor" value="Oracle Corporation"/>
    <property name="java.version.date" value="2021-04-20"/>
    <property name="java.home" value="/Users/katebrz/Library/Java/JavaVirtualMachines/corretto-11.0.11/Contents/Home"/>
    <property name="file.separator" value="/"/>
    <property name="basedir" value="/Users/katebrz/YP/Sprint_3"/>
    <property name="java.vm.compressedOopsMode" value="Zero based"/>
    <property name="line.separator" value="&#10;"/>
    <property name="java.specification.name" value="Java Platform API Specification"/>
    <property name="java.vm.specification.vendor" value="Oracle Corporation"/>
    <property name="java.awt.graphicsenv" value="sun.awt.CGraphicsEnvironment"/>
    <property name="surefire.real.class.path" value="/Users/katebrz/YP/Sprint_3/target/surefire/surefirebooter2879524848791230459.jar"/>
    <property name="sun.management.compiler" value="HotSpot 64-Bit Tiered Compilers"/>
    <property name="java.runtime.version" value="11.0.11+9-LTS"/>
    <property name="user.name" value="katebrz"/>
    <property name="path.separator" value=":"/>
    <property name="os.version" value="10.15.6"/>
    <property name="java.runtime.name" value="OpenJDK Runtime Environment"/>
    <property name="file.encoding" value="UTF-8"/>
    <property name="java.vm.name" value="OpenJDK 64-Bit Server VM"/>
    <property name="java.vendor.version" value="Corretto-11.0.11.9.1"/>
    <property name="localRepository" value="/Users/katebrz/.m2/repository"/>
    <property name="java.vendor.url.bug" value="https://github.com/corretto/corretto-11/issues/"/>
    <property name="java.io.tmpdir" value="/var/folders/wt/zs43b91x0r9d_4xmx7nzrdgdlbz4hd/T/"/>
    <property name="idea.version" value="2021.2"/>
    <property name="java.version" value="11.0.11"/>
    <property name="user.dir" value="/Users/katebrz/YP/Sprint_3"/>
    <property name="os.arch" value="x86_64"/>
    <property name="java.vm.specification.name" value="Java Virtual Machine Specification"/>
    <property name="java.awt.printerjob" value="sun.lwawt.macosx.CPrinterJob"/>
    <property name="sun.os.patch.level" value="unknown"/>
    <property name="java.library.path" value="/Users/katebrz/Library/Java/Extensions:/Library/Java/Extensions:/Network/Library/Java/Extensions:/System/Library/Java/Extensions:/usr/lib/java:."/>
    <property name="java.vm.info" value="mixed mode"/>
    <property name="java.vendor" value="Amazon.com Inc."/>
    <property name="java.vm.version" value="11.0.11+9-LTS"/>
    <property name="sun.io.unicode.encoding" value="UnicodeBig"/>
    <property name="java.class.version" value="55.0"/>
  </properties>
  <testcase name="orderCreation[Scooter color:[BLACK]]" classname="ru.yandex.scooter.CreateOrderTest" time="0.555"/>
  <testcase name="orderCreation[Scooter color:[GREY]]" classname="ru.yandex.scooter.CreateOrderTest" time="0.554"/>
  <testcase name="orderCreation[Scooter color:[BLACK, GREY]]" classname="ru.yandex.scooter.CreateOrderTest" time="0.554"/>
  <testcase name="orderCreation[Scooter color:[]]" classname="ru.yandex.scooter.CreateOrderTest" time="0.546"/>
</testsuite>